[debug] [2019-12-27T06:07:16.870Z] ----------------------------------------------------------------------
[debug] [2019-12-27T06:07:16.872Z] Command:       /usr/local/Cellar/node/12.1.0/bin/node /usr/local/bin/firebase deploy --only hosting:vikrammullick
[debug] [2019-12-27T06:07:16.872Z] CLI Version:   7.11.0
[debug] [2019-12-27T06:07:16.872Z] Platform:      darwin
[debug] [2019-12-27T06:07:16.872Z] Node Version:  v12.1.0
[debug] [2019-12-27T06:07:16.873Z] Time:          Fri Dec 27 2019 00:07:16 GMT-0600 (Central Standard Time)
[debug] [2019-12-27T06:07:16.873Z] ----------------------------------------------------------------------
[debug] [2019-12-27T06:07:16.873Z] 
[debug] [2019-12-27T06:07:16.881Z] > command requires scopes: ["email","openid","https://www.googleapis.com/auth/cloudplatformprojects.readonly","https://www.googleapis.com/auth/firebase","https://www.googleapis.com/auth/cloud-platform"]
[debug] [2019-12-27T06:07:16.881Z] > authorizing via signed-in user
[debug] [2019-12-27T06:07:16.881Z] [iam] checking project blubag-2019 for permissions ["firebase.projects.get","firebasehosting.sites.update"]
[debug] [2019-12-27T06:07:16.883Z] >>> HTTP REQUEST POST https://cloudresourcemanager.googleapis.com/v1/projects/blubag-2019:testIamPermissions  

[debug] [2019-12-27T06:07:17.129Z] <<< HTTP RESPONSE 200
[debug] [2019-12-27T06:07:17.131Z] >>> HTTP REQUEST GET https://firebase.googleapis.com/v1beta1/projects/blubag-2019  
 
[debug] [2019-12-27T06:07:17.322Z] <<< HTTP RESPONSE 200
[info] 
[info] === Deploying to 'blubag-2019'...
[info] 
[info] i  deploying hosting
[info] 
[info] ✔  Deploy complete!
[info] 
[info] Project Console: https://console.firebase.google.com/project/blubag-2019/overview
[debug] [2019-12-27T06:07:17.425Z] TypeError: Cannot read property 'deploys' of undefined
    at /usr/local/lib/node_modules/firebase-tools/lib/deploy/index.js:84:36
    at processTicksAndRejections (internal/process/task_queues.js:89:5)
[error] 
[error] Error: An unexpected error has occurred.
[debug] [2019-12-27T06:10:31.824Z] ----------------------------------------------------------------------
[debug] [2019-12-27T06:10:31.825Z] Command:       /usr/local/Cellar/node/12.1.0/bin/node /usr/local/bin/firebase deploy --only hosting:vikrammullick
[debug] [2019-12-27T06:10:31.826Z] CLI Version:   7.11.0
[debug] [2019-12-27T06:10:31.826Z] Platform:      darwin
[debug] [2019-12-27T06:10:31.826Z] Node Version:  v12.1.0
[debug] [2019-12-27T06:10:31.826Z] Time:          Fri Dec 27 2019 00:10:31 GMT-0600 (Central Standard Time)
[debug] [2019-12-27T06:10:31.826Z] ----------------------------------------------------------------------
[debug] [2019-12-27T06:10:31.826Z] 
[debug] [2019-12-27T06:10:31.832Z] > command requires scopes: ["email","openid","https://www.googleapis.com/auth/cloudplatformprojects.readonly","https://www.googleapis.com/auth/firebase","https://www.googleapis.com/auth/cloud-platform"]
[debug] [2019-12-27T06:10:31.832Z] > authorizing via signed-in user
[debug] [2019-12-27T06:10:31.832Z] [iam] checking project blubag-2019 for permissions ["firebase.projects.get","firebasehosting.sites.update"]
[debug] [2019-12-27T06:10:31.833Z] >>> HTTP REQUEST POST https://cloudresourcemanager.googleapis.com/v1/projects/blubag-2019:testIamPermissions  

[debug] [2019-12-27T06:10:32.048Z] <<< HTTP RESPONSE 200
[debug] [2019-12-27T06:10:32.050Z] >>> HTTP REQUEST GET https://firebase.googleapis.com/v1beta1/projects/blubag-2019  
 
[debug] [2019-12-27T06:10:32.387Z] <<< HTTP RESPONSE 200
[info] 
[info] === Deploying to 'blubag-2019'...
[info] 
[info] i  deploying hosting
[info] 
[info] ✔  Deploy complete!
[info] 
[info] Project Console: https://console.firebase.google.com/project/blubag-2019/overview
[debug] [2019-12-27T06:10:35.526Z] TypeError: Cannot read property 'deploys' of undefined
    at /usr/local/lib/node_modules/firebase-tools/lib/deploy/index.js:84:36
    at processTicksAndRejections (internal/process/task_queues.js:89:5)
[error] 
[error] Error: An unexpected error has occurred.
[debug] [2019-12-27T06:10:58.933Z] ----------------------------------------------------------------------
[debug] [2019-12-27T06:10:58.935Z] Command:       /usr/local/Cellar/node/12.1.0/bin/node /usr/local/bin/firebase deploy --only hosting:vikrammullick --debug
[debug] [2019-12-27T06:10:58.935Z] CLI Version:   7.11.0
[debug] [2019-12-27T06:10:58.935Z] Platform:      darwin
[debug] [2019-12-27T06:10:58.935Z] Node Version:  v12.1.0
[debug] [2019-12-27T06:10:58.936Z] Time:          Fri Dec 27 2019 00:10:58 GMT-0600 (Central Standard Time)
[debug] [2019-12-27T06:10:58.936Z] ----------------------------------------------------------------------
[debug] [2019-12-27T06:10:58.936Z] 
[debug] [2019-12-27T06:10:58.942Z] > command requires scopes: ["email","openid","https://www.googleapis.com/auth/cloudplatformprojects.readonly","https://www.googleapis.com/auth/firebase","https://www.googleapis.com/auth/cloud-platform"]
[debug] [2019-12-27T06:10:58.942Z] > authorizing via signed-in user
[debug] [2019-12-27T06:10:58.942Z] [iam] checking project blubag-2019 for permissions ["firebase.projects.get","firebasehosting.sites.update"]
[debug] [2019-12-27T06:10:58.943Z] >>> HTTP REQUEST POST https://cloudresourcemanager.googleapis.com/v1/projects/blubag-2019:testIamPermissions  

[debug] [2019-12-27T06:10:59.163Z] <<< HTTP RESPONSE 200
[debug] [2019-12-27T06:10:59.165Z] >>> HTTP REQUEST GET https://firebase.googleapis.com/v1beta1/projects/blubag-2019  
 
[debug] [2019-12-27T06:10:59.353Z] <<< HTTP RESPONSE 200
[info] 
[info] === Deploying to 'blubag-2019'...
[info] 
[info] i  deploying hosting
[info] 
[info] ✔  Deploy complete!
[info] 
[info] Project Console: https://console.firebase.google.com/project/blubag-2019/overview
[debug] [2019-12-27T06:10:59.453Z] TypeError: Cannot read property 'deploys' of undefined
    at /usr/local/lib/node_modules/firebase-tools/lib/deploy/index.js:84:36
    at processTicksAndRejections (internal/process/task_queues.js:89:5)
[error] 
[error] Error: An unexpected error has occurred.
[debug] [2019-12-27T06:11:53.268Z] ----------------------------------------------------------------------
[debug] [2019-12-27T06:11:53.270Z] Command:       /usr/local/Cellar/node/12.1.0/bin/node /usr/local/bin/firebase deploy --only hosting:vikrammullick --debug
[debug] [2019-12-27T06:11:53.270Z] CLI Version:   7.11.0
[debug] [2019-12-27T06:11:53.270Z] Platform:      darwin
[debug] [2019-12-27T06:11:53.270Z] Node Version:  v12.1.0
[debug] [2019-12-27T06:11:53.271Z] Time:          Fri Dec 27 2019 00:11:53 GMT-0600 (Central Standard Time)
[debug] [2019-12-27T06:11:53.271Z] ----------------------------------------------------------------------
[debug] [2019-12-27T06:11:53.272Z] 
[debug] [2019-12-27T06:11:53.277Z] > command requires scopes: ["email","openid","https://www.googleapis.com/auth/cloudplatformprojects.readonly","https://www.googleapis.com/auth/firebase","https://www.googleapis.com/auth/cloud-platform"]
[debug] [2019-12-27T06:11:53.277Z] > authorizing via signed-in user
[debug] [2019-12-27T06:11:53.277Z] [iam] checking project blubag-2019 for permissions ["firebase.projects.get","firebasehosting.sites.update"]
[debug] [2019-12-27T06:11:53.278Z] >>> HTTP REQUEST POST https://cloudresourcemanager.googleapis.com/v1/projects/blubag-2019:testIamPermissions  

[debug] [2019-12-27T06:11:55.585Z] <<< HTTP RESPONSE 200
[debug] [2019-12-27T06:11:55.588Z] >>> HTTP REQUEST GET https://firebase.googleapis.com/v1beta1/projects/blubag-2019  
 
[debug] [2019-12-27T06:11:55.864Z] <<< HTTP RESPONSE 200
[info] 
[info] === Deploying to 'blubag-2019'...
[info] 
[info] i  deploying hosting
[info] 
[info] ✔  Deploy complete!
[info] 
[info] Project Console: https://console.firebase.google.com/project/blubag-2019/overview
[debug] [2019-12-27T06:11:56.022Z] TypeError: Cannot read property 'deploys' of undefined
    at /usr/local/lib/node_modules/firebase-tools/lib/deploy/index.js:84:36
    at processTicksAndRejections (internal/process/task_queues.js:89:5)
[error] 
[error] Error: An unexpected error has occurred.
[debug] [2019-12-27T06:12:16.880Z] ----------------------------------------------------------------------
[debug] [2019-12-27T06:12:16.882Z] Command:       /usr/local/Cellar/node/12.1.0/bin/node /usr/local/bin/firebase deploy --only hosting:vikrammullick --debug
[debug] [2019-12-27T06:12:16.882Z] CLI Version:   7.11.0
[debug] [2019-12-27T06:12:16.882Z] Platform:      darwin
[debug] [2019-12-27T06:12:16.882Z] Node Version:  v12.1.0
[debug] [2019-12-27T06:12:16.883Z] Time:          Fri Dec 27 2019 00:12:16 GMT-0600 (Central Standard Time)
[debug] [2019-12-27T06:12:16.884Z] ----------------------------------------------------------------------
[debug] [2019-12-27T06:12:16.884Z] 
[debug] [2019-12-27T06:12:16.889Z] > command requires scopes: ["email","openid","https://www.googleapis.com/auth/cloudplatformprojects.readonly","https://www.googleapis.com/auth/firebase","https://www.googleapis.com/auth/cloud-platform"]
[debug] [2019-12-27T06:12:16.889Z] > authorizing via signed-in user
[debug] [2019-12-27T06:12:16.889Z] [iam] checking project blubag-2019 for permissions ["firebase.projects.get","firebasehosting.sites.update"]
[debug] [2019-12-27T06:12:16.890Z] >>> HTTP REQUEST POST https://cloudresourcemanager.googleapis.com/v1/projects/blubag-2019:testIamPermissions  

[debug] [2019-12-27T06:12:17.099Z] <<< HTTP RESPONSE 200
[debug] [2019-12-27T06:12:17.102Z] >>> HTTP REQUEST GET https://firebase.googleapis.com/v1beta1/projects/blubag-2019  
 
[debug] [2019-12-27T06:12:17.292Z] <<< HTTP RESPONSE 200
[info] 
[info] === Deploying to 'blubag-2019'...
[info] 
[info] i  deploying hosting
[info] 
[info] ✔  Deploy complete!
[info] 
[info] Project Console: https://console.firebase.google.com/project/blubag-2019/overview
[debug] [2019-12-27T06:12:17.395Z] TypeError: Cannot read property 'deploys' of undefined
    at /usr/local/lib/node_modules/firebase-tools/lib/deploy/index.js:84:36
    at processTicksAndRejections (internal/process/task_queues.js:89:5)
[error] 
[error] Error: An unexpected error has occurred.
[debug] [2019-12-27T06:12:22.798Z] ----------------------------------------------------------------------
[debug] [2019-12-27T06:12:22.800Z] Command:       /usr/local/Cellar/node/12.1.0/bin/node /usr/local/bin/firebase deploy --only hosting:vikrammullick --debug
[debug] [2019-12-27T06:12:22.801Z] CLI Version:   7.11.0
[debug] [2019-12-27T06:12:22.801Z] Platform:      darwin
[debug] [2019-12-27T06:12:22.801Z] Node Version:  v12.1.0
[debug] [2019-12-27T06:12:22.802Z] Time:          Fri Dec 27 2019 00:12:22 GMT-0600 (Central Standard Time)
[debug] [2019-12-27T06:12:22.802Z] ----------------------------------------------------------------------
[debug] [2019-12-27T06:12:22.802Z] 
[debug] [2019-12-27T06:12:22.807Z] > command requires scopes: ["email","openid","https://www.googleapis.com/auth/cloudplatformprojects.readonly","https://www.googleapis.com/auth/firebase","https://www.googleapis.com/auth/cloud-platform"]
[debug] [2019-12-27T06:12:22.807Z] > authorizing via signed-in user
[debug] [2019-12-27T06:12:22.808Z] [iam] checking project blubag-2019 for permissions ["firebase.projects.get","firebasehosting.sites.update"]
[debug] [2019-12-27T06:12:22.809Z] >>> HTTP REQUEST POST https://cloudresourcemanager.googleapis.com/v1/projects/blubag-2019:testIamPermissions  

[debug] [2019-12-27T06:12:26.184Z] <<< HTTP RESPONSE 200
[debug] [2019-12-27T06:12:26.187Z] >>> HTTP REQUEST GET https://firebase.googleapis.com/v1beta1/projects/blubag-2019  
 
[debug] [2019-12-27T06:12:26.457Z] <<< HTTP RESPONSE 200
[info] 
[info] === Deploying to 'blubag-2019'...
[info] 
[info] i  deploying hosting
[info] 
[info] ✔  Deploy complete!
[info] 
[info] Project Console: https://console.firebase.google.com/project/blubag-2019/overview
[debug] [2019-12-27T06:12:27.612Z] TypeError: Cannot read property 'deploys' of undefined
    at /usr/local/lib/node_modules/firebase-tools/lib/deploy/index.js:84:36
    at processTicksAndRejections (internal/process/task_queues.js:89:5)
[error] 
[error] Error: An unexpected error has occurred.
[debug] [2019-12-27T06:13:27.821Z] ----------------------------------------------------------------------
[debug] [2019-12-27T06:13:27.823Z] Command:       /usr/local/Cellar/node/12.1.0/bin/node /usr/local/bin/firebase deploy --only hosting:vikrammullick --debug
[debug] [2019-12-27T06:13:27.823Z] CLI Version:   7.11.0
[debug] [2019-12-27T06:13:27.823Z] Platform:      darwin
[debug] [2019-12-27T06:13:27.823Z] Node Version:  v12.1.0
[debug] [2019-12-27T06:13:27.824Z] Time:          Fri Dec 27 2019 00:13:27 GMT-0600 (Central Standard Time)
[debug] [2019-12-27T06:13:27.824Z] ----------------------------------------------------------------------
[debug] [2019-12-27T06:13:27.824Z] 
[debug] [2019-12-27T06:13:27.829Z] > command requires scopes: ["email","openid","https://www.googleapis.com/auth/cloudplatformprojects.readonly","https://www.googleapis.com/auth/firebase","https://www.googleapis.com/auth/cloud-platform"]
[debug] [2019-12-27T06:13:27.830Z] > authorizing via signed-in user
[debug] [2019-12-27T06:13:27.830Z] [iam] checking project blubag-2019 for permissions ["firebase.projects.get","firebasehosting.sites.update"]
[debug] [2019-12-27T06:13:27.831Z] >>> HTTP REQUEST POST https://cloudresourcemanager.googleapis.com/v1/projects/blubag-2019:testIamPermissions  

[debug] [2019-12-27T06:13:28.043Z] <<< HTTP RESPONSE 200
[debug] [2019-12-27T06:13:28.046Z] >>> HTTP REQUEST GET https://firebase.googleapis.com/v1beta1/projects/blubag-2019  
 
[debug] [2019-12-27T06:13:28.344Z] <<< HTTP RESPONSE 200
[info] 
[info] === Deploying to 'blubag-2019'...
[info] 
[info] i  deploying hosting
[error] 
[error] Error: Deploy target vikrammullick not configured for project blubag-2019. Configure with:

  firebase target:apply hosting vikrammullick <resources...>
[debug] [2019-12-27T06:14:34.715Z] ----------------------------------------------------------------------
[debug] [2019-12-27T06:14:34.717Z] Command:       /usr/local/Cellar/node/12.1.0/bin/node /usr/local/bin/firebase deploy --only hosting:vikrammullick --debug
[debug] [2019-12-27T06:14:34.717Z] CLI Version:   7.11.0
[debug] [2019-12-27T06:14:34.717Z] Platform:      darwin
[debug] [2019-12-27T06:14:34.717Z] Node Version:  v12.1.0
[debug] [2019-12-27T06:14:34.718Z] Time:          Fri Dec 27 2019 00:14:34 GMT-0600 (Central Standard Time)
[debug] [2019-12-27T06:14:34.719Z] ----------------------------------------------------------------------
[debug] [2019-12-27T06:14:34.719Z] 
[debug] [2019-12-27T06:14:34.724Z] > command requires scopes: ["email","openid","https://www.googleapis.com/auth/cloudplatformprojects.readonly","https://www.googleapis.com/auth/firebase","https://www.googleapis.com/auth/cloud-platform"]
[debug] [2019-12-27T06:14:34.724Z] > authorizing via signed-in user
[debug] [2019-12-27T06:14:34.724Z] [iam] checking project blubag-2019 for permissions ["firebase.projects.get","firebasehosting.sites.update"]
[debug] [2019-12-27T06:14:34.725Z] >>> HTTP REQUEST POST https://cloudresourcemanager.googleapis.com/v1/projects/blubag-2019:testIamPermissions  

[debug] [2019-12-27T06:14:34.973Z] <<< HTTP RESPONSE 200
[debug] [2019-12-27T06:14:34.976Z] >>> HTTP REQUEST GET https://firebase.googleapis.com/v1beta1/projects/blubag-2019  
 
[debug] [2019-12-27T06:14:35.178Z] <<< HTTP RESPONSE 200
[info] 
[info] === Deploying to 'blubag-2019'...
[info] 
[info] i  deploying hosting
[debug] [2019-12-27T06:14:35.183Z] >>> HTTP REQUEST POST https://firebasehosting.googleapis.com/v1beta1/sites/vikrammullick/versions  

[debug] [2019-12-27T06:14:36.231Z] <<< HTTP RESPONSE 200
[info] i  hosting[vikrammullick]: beginning deploy...
[info] i  hosting[vikrammullick]: found 46 files in build
[debug] [2019-12-27T06:14:36.247Z] [hosting] hash cache [YnVpbGQ] not populated
[debug] [2019-12-27T06:14:36.370Z] [hosting] hash cache [YnVpbGQ] stored for 46 files
[debug] [2019-12-27T06:14:36.370Z] [hosting][hash queue][FINAL]
[debug] [2019-12-27T06:14:36.370Z] >>> HTTP REQUEST POST https://firebasehosting.googleapis.com/v1beta1/sites/vikrammullick/versions/69046fb04afd401f:populateFiles  
 <request body omitted>
[debug] [2019-12-27T06:14:37.263Z] <<< HTTP RESPONSE 200
[debug] [2019-12-27T06:14:37.287Z] [hosting][populate queue][FINAL]
[debug] [2019-12-27T06:14:37.287Z] [hosting] uploads queued: 46
[info] i  hosting: uploading new files [0/46] (0%)
[info] i  hosting: uploading new files [13/46] (28%)
[info] i  hosting: uploading new files [24/46] (52%)
[info] i  hosting: uploading new files [45/46] (97%)
[debug] [2019-12-27T06:14:45.241Z] [hosting][upload queue][FINAL]
[info] ✔  hosting[vikrammullick]: file upload complete
[debug] [2019-12-27T06:14:45.242Z] [hosting] deploy completed after 9010ms
[debug] [2019-12-27T06:14:45.339Z] [
  {
    "config": {
      "site": "vikrammullick",
      "public": "build",
      "ignore": [
        "firebase.json",
        "**/.*",
        "**/node_modules/**"
      ]
    },
    "site": "vikrammullick",
    "version": "sites/vikrammullick/versions/69046fb04afd401f"
  }
]
[info] i  hosting[vikrammullick]: finalizing version...
[debug] [2019-12-27T06:14:45.340Z] >>> HTTP REQUEST PATCH https://firebasehosting.googleapis.com/v1beta1/sites/vikrammullick/versions/69046fb04afd401f?updateMask=status  

[debug] [2019-12-27T06:14:45.508Z] <<< HTTP RESPONSE 200
[debug] [2019-12-27T06:14:45.508Z] [hosting] finalized version for vikrammullick:
[info] ✔  hosting[vikrammullick]: version finalized
[info] i  hosting[vikrammullick]: releasing new version...
[debug] [2019-12-27T06:14:45.509Z] >>> HTTP REQUEST POST https://firebasehosting.googleapis.com/v1beta1/sites/vikrammullick/releases?version_name=sites/vikrammullick/versions/69046fb04afd401f  

[debug] [2019-12-27T06:14:45.812Z] <<< HTTP RESPONSE 200
[debug] [2019-12-27T06:14:45.813Z] [hosting] release:
[info] ✔  hosting[vikrammullick]: release complete
[info] 
[info] ✔  Deploy complete!
[info] 
[info] Project Console: https://console.firebase.google.com/project/blubag-2019/overview
[info] Hosting URL: https://vikrammullick.firebaseapp.com
